<?xml version="1.0" encoding="UTF-8"?>
<testng-results skipped="0" failed="1" total="1" passed="0">
  <reporter-output>
    <line>
      <![CDATA[Logged in successfully ]]>
    </line>
    <line>
      <![CDATA[Added products are highlighted in Red color]]>
    </line>
    <line>
      <![CDATA[Product added from overlay page]]>
    </line>
    <line>
      <![CDATA[Print list button is displayed in shopping list page]]>
    </line>
    <line>
      <![CDATA[Email list button is displayed in shopping list page]]>
    </line>
  </reporter-output>
  <suite name="SEG Roadrunner" duration-ms="184243" started-at="2019-03-20T10:18:28Z" finished-at="2019-03-20T10:21:32Z">
    <groups>
    </groups>
    <test name="Shopping_List__TestDataSheet_1__Chrome__Winndixie" duration-ms="184243" started-at="2019-03-20T10:18:28Z" finished-at="2019-03-20T10:21:32Z">
      <class name="executableClass.Shopping_List">
        <test-method status="FAIL" signature="TC_09_ShoppingList_Delete_Circular_Items(java.lang.String, java.lang.String, java.lang.String, java.lang.String)[pri:5, instance:executableClass.Shopping_List@dc24521]" name="TC_09_ShoppingList_Delete_Circular_Items" duration-ms="184116" started-at="2019-03-20T15:48:28Z" finished-at="2019-03-20T15:51:32Z">
          <params>
            <param index="0">
              <value>
                <![CDATA[Chrome]]>
              </value>
            </param>
            <param index="1">
              <value>
                <![CDATA[Winndixie]]>
              </value>
            </param>
            <param index="2">
              <value>
                <![CDATA[10.211.4.91:5555]]>
              </value>
            </param>
            <param index="3">
              <value>
                <![CDATA[TestDataSheet_1]]>
              </value>
            </param>
          </params>
          <exception class="java.lang.AssertionError">
            <message>
              <![CDATA[Error in shopping list or shopping list not opened]]>
            </message>
            <full-stacktrace>
              <![CDATA[java.lang.AssertionError: Error in shopping list or shopping list not opened
	at org.testng.Assert.fail(Assert.java:94)
	at computedClass.Computed_Shopping_List.WeeklyAd_Deals_ShoppingList(Computed_Shopping_List.java:492)
	at executableClass.Shopping_List.TC_09_ShoppingList_Delete_Circular_Items(Shopping_List.java:125)
	at sun.reflect.NativeMethodAccessorImpl.invoke0(Native Method)
	at sun.reflect.NativeMethodAccessorImpl.invoke(Unknown Source)
	at sun.reflect.DelegatingMethodAccessorImpl.invoke(Unknown Source)
	at java.lang.reflect.Method.invoke(Unknown Source)
	at org.testng.internal.MethodInvocationHelper.invokeMethod(MethodInvocationHelper.java:100)
	at org.testng.internal.Invoker.invokeMethod(Invoker.java:646)
	at org.testng.internal.Invoker.invokeTestMethod(Invoker.java:811)
	at org.testng.internal.Invoker.invokeTestMethods(Invoker.java:1129)
	at org.testng.internal.TestMethodWorker.invokeTestMethods(TestMethodWorker.java:129)
	at org.testng.internal.TestMethodWorker.run(TestMethodWorker.java:112)
	at org.testng.TestRunner.privateRun(TestRunner.java:746)
	at org.testng.TestRunner.run(TestRunner.java:600)
	at org.testng.SuiteRunner.runTest(SuiteRunner.java:366)
	at org.testng.SuiteRunner.access$000(SuiteRunner.java:39)
	at org.testng.SuiteRunner$SuiteWorker.run(SuiteRunner.java:400)
	at org.testng.internal.thread.ThreadUtil$2.call(ThreadUtil.java:64)
	at java.util.concurrent.FutureTask.run(Unknown Source)
	at java.util.concurrent.ThreadPoolExecutor.runWorker(Unknown Source)
	at java.util.concurrent.ThreadPoolExecutor$Worker.run(Unknown Source)
	at java.lang.Thread.run(Unknown Source)
]]>
            </full-stacktrace>
          </exception> <!-- java.lang.AssertionError -->
          <reporter-output>
            <line>
              <![CDATA[Logged in successfully ]]>
            </line>
            <line>
              <![CDATA[Added products are highlighted in Red color]]>
            </line>
            <line>
              <![CDATA[Product added from overlay page]]>
            </line>
            <line>
              <![CDATA[Print list button is displayed in shopping list page]]>
            </line>
            <line>
              <![CDATA[Email list button is displayed in shopping list page]]>
            </line>
          </reporter-output>
        </test-method> <!-- TC_09_ShoppingList_Delete_Circular_Items -->
      </class> <!-- executableClass.Shopping_List -->
    </test> <!-- Shopping_List__TestDataSheet_1__Chrome__Winndixie -->
  </suite> <!-- SEG Roadrunner -->
</testng-results>
