<?xml version="1.0" encoding="UTF-8"?>
<!-- Generated by org.testng.reporters.JUnitXMLReporter -->
<testsuite hostname="VDI-HDQ-0027" name="Default test" tests="3" failures="0" timestamp="18 Mar 2019 07:23:24 GMT" time="0.08" errors="0">
  <testcase name="TC001_Home_page_for_Logged_out_user" time="0.0" classname="executableClass.Updated_Homepage">
    <skipped/>
  </testcase> <!-- TC001_Home_page_for_Logged_out_user -->
  <testcase name="TC002_Home_page_for_Soft_Login" time="0.0" classname="executableClass.Updated_Homepage">
    <skipped/>
  </testcase> <!-- TC002_Home_page_for_Soft_Login -->
  <testcase name="TC003_Home_page_for_Hard_Login" time="0.0" classname="executableClass.Updated_Homepage">
    <skipped/>
  </testcase> <!-- TC003_Home_page_for_Hard_Login -->
</testsuite> <!-- Default test -->
